<?xml version="1.0" encoding="UTF-8"?>
<testsuite name="NotLeapYearTest" tests="2" skipped="0" failures="0" errors="0" timestamp="2022-10-25T11:31:01" hostname="Susannes-MacBook-Pro-4.local" time="0.02">
  <properties/>
  <testcase name="number_is_not_dividible_by4()" classname="NotLeapYearTest" time="0.015"/>
  <testcase name="yearIsDividbleWith100Andnot400()" classname="NotLeapYearTest" time="0.004"/>
  <system-out><![CDATA[]]></system-out>
  <system-err><![CDATA[]]></system-err>
</testsuite>
